<?xml version="1.0" encoding="UTF-8" ?>
<testsuite tests="1" failures="0" name="com.example.app.AppTest" time="0.02" errors="0" skipped="0">
  <properties>
    <property name="java.runtime.name" value="Java(TM) SE Runtime Environment"/>
    <property name="java.vm.version" value="21.0.5+9-LTS-239"/>
    <property name="sun.boot.library.path" value="C:\Program Files\Java\jdk-21\bin"/>
    <property name="user.country.format" value="FR"/>
    <property name="maven.multiModuleProjectDirectory" value="C:\Users\bachiri\Desktop\TDF_Labs\UDD_Test\demo-java-app"/>
    <property name="java.vm.vendor" value="Oracle Corporation"/>
    <property name="java.vendor.url" value="https://java.oracle.com/"/>
    <property name="guice.disable.misplaced.annotation.check" value="true"/>
    <property name="path.separator" value=";"/>
    <property name="java.vm.name" value="Java HotSpot(TM) 64-Bit Server VM"/>
    <property name="sun.os.patch.level" value=""/>
    <property name="user.script" value=""/>
    <property name="user.country" value="US"/>
    <property name="sun.java.launcher" value="SUN_STANDARD"/>
    <property name="java.vm.specification.name" value="Java Virtual Machine Specification"/>
    <property name="user.dir" value="C:\Users\bachiri\Desktop\TDF_Labs\UDD_Test\demo-java-app"/>
    <property name="java.vm.compressedOopsMode" value="Zero based"/>
    <property name="java.runtime.version" value="21.0.5+9-LTS-239"/>
    <property name="os.arch" value="amd64"/>
    <property name="java.io.tmpdir" value="C:\Users\bachiri\AppData\Local\Temp\2\"/>
    <property name="line.separator" value="
"/>
    <property name="java.vm.specification.vendor" value="Oracle Corporation"/>
    <property name="user.variant" value=""/>
    <property name="stderr.encoding" value="cp437"/>
    <property name="os.name" value="Windows Server 2022"/>
    <property name="classworlds.conf" value="C:\Program Files\Apache\apache-maven-3.8.8\bin\m2.conf"/>
    <property name="sun.jnu.encoding" value="Cp1252"/>
    <property name="stdout.encoding" value="cp437"/>
    <property name="java.library.path" value="C:\Program Files\Java\jdk-21\bin;C:\Windows\Sun\Java\bin;C:\Windows\system32;C:\Windows;C:\Program Files\Python313\Scripts\;C:\Program Files\Python313\;C:\Program Files\Common Files\Oracle\Java\javapath;C:\Windows\system32;C:\Windows;C:\Windows\System32\Wbem;C:\Windows\System32\WindowsPowerShell\v1.0\;C:\Windows\System32\OpenSSH\;C:\Program Files\Git\cmd;C:\Program Files\Java\jdk-21\bin;C:\Program Files\Apache\apache-maven-3.8.8\bin;C:\Program Files\nodejs\;C:\Program Files\MongoDB\mongosh\bin;C:\Program Files\Meld\;C:\Program Files\SSHFS-Win\bin;C:\Program Files\MongoDB\mongodb-database-tools\bin;C:\Users\bachiri\Documents\tools\curl-8.11.1_2-win64-mingw\bin;C:\Program Files (x86)\Nmap;C:\Program Files (x86)\Bitvise SSH Client;C:\Program Files\PuTTY\;C:\Program Files (x86)\Microsoft SQL Server\160\DTS\Binn\;c:\Users\bachiri\AppData\Local\Programs\cursor\resources\app\bin;C:\Users\bachiri\AppData\Local\Microsoft\WindowsApps;C:\Users\bachiri\AppData\Roaming\npm;C:\Users\bachiri\AppData\Local\Programs\Microsoft VS Code\bin;C:\Program Files\JetBrains\IntelliJ IDEA Community Edition 2024.3\bin;;C:\Program Files (x86)\Nmap;C:\Users\bachiri\AppData\Local\Programs\cursor\resources\app\bin;."/>
    <property name="maven.conf" value="C:\Program Files\Apache\apache-maven-3.8.8/conf"/>
    <property name="jdk.debug" value="release"/>
    <property name="java.class.version" value="65.0"/>
    <property name="java.specification.name" value="Java Platform API Specification"/>
    <property name="sun.management.compiler" value="HotSpot 64-Bit Tiered Compilers"/>
    <property name="os.version" value="10.0"/>
    <property name="library.jansi.path" value="C:\Program Files\Apache\apache-maven-3.8.8\lib\jansi-native"/>
    <property name="user.home" value="C:\Users\bachiri"/>
    <property name="user.timezone" value="Africa/Casablanca"/>
    <property name="file.encoding" value="UTF-8"/>
    <property name="java.specification.version" value="21"/>
    <property name="user.name" value="bachiri"/>
    <property name="java.class.path" value="C:\Program Files\Apache\apache-maven-3.8.8\boot\plexus-classworlds-2.6.0.jar"/>
    <property name="java.vm.specification.version" value="21"/>
    <property name="sun.arch.data.model" value="64"/>
    <property name="sun.java.command" value="org.codehaus.plexus.classworlds.launcher.Launcher clean install"/>
    <property name="java.home" value="C:\Program Files\Java\jdk-21"/>
    <property name="user.language" value="en"/>
    <property name="java.specification.vendor" value="Oracle Corporation"/>
    <property name="user.language.format" value="fr"/>
    <property name="java.vm.info" value="mixed mode, sharing"/>
    <property name="java.version" value="21.0.5"/>
    <property name="native.encoding" value="Cp1252"/>
    <property name="java.vendor" value="Oracle Corporation"/>
    <property name="maven.home" value="C:\Program Files\Apache\apache-maven-3.8.8"/>
    <property name="file.separator" value="\"/>
    <property name="java.version.date" value="2024-10-15"/>
    <property name="java.vendor.url.bug" value="https://bugreport.java.com/bugreport/"/>
    <property name="sun.io.unicode.encoding" value="UnicodeLittle"/>
    <property name="sun.cpu.endian" value="little"/>
    <property name="sun.cpu.isalist" value="amd64"/>
  </properties>
  <testcase classname="com.example.app.AppTest" name="shouldAnswerWithTrue" time="0.02"/>
</testsuite>